01-21 13:55:34 com_github_MitjaNemec_Archive3DModels.action_archive_3d_models 220:Plugin executed on: 'win32'
01-21 13:55:34 com_github_MitjaNemec_Archive3DModels.action_archive_3d_models 221:Plugin executed with python version: '3.9.16 (main, Oct 13 2023, 05:50:11) [MSC v.1936 64 bit (AMD64)]'
01-21 13:55:34 com_github_MitjaNemec_Archive3DModels.action_archive_3d_models 222:KiCad build version: 7.0.9
01-21 13:55:34 com_github_MitjaNemec_Archive3DModels.action_archive_3d_models 223:Plugin version: 1.0.10

01-21 13:55:34 com_github_MitjaNemec_Archive3DModels.action_archive_3d_models 228:Screen sizes: [wx.Size(2560, 1440), wx.Size(2560, 1440)]
01-21 13:55:34 com_github_MitjaNemec_Archive3DModels.action_archive_3d_models 235:Dialog size: wx.Size(213, 81)
01-21 13:55:34 com_github_MitjaNemec_Archive3DModels.action_archive_3d_models 237:Char size: 15
01-21 13:55:35 com_github_MitjaNemec_Archive3DModels.archive_3d_models 24:Starting to archive 3D models
01-21 13:55:35 com_github_MitjaNemec_Archive3DModels.archive_3d_models 45:Getting 3D models for footprint of: J3
01-21 13:55:35 com_github_MitjaNemec_Archive3DModels.archive_3d_models 56:Trying to copy: C:\Users\Simon\Documents\Workspace\Locale\LibLoader\SamacSys_Parts.3dshapes\USB4135-GF-A.stp
01-21 13:55:35 com_github_MitjaNemec_Archive3DModels.archive_3d_models 136:Remapping: C:\Users\Simon\Documents\Workspace\Locale\LibLoader\SamacSys_Parts.3dshapes\USB4135-GF-A.stp
01-21 13:55:35 com_github_MitjaNemec_Archive3DModels.archive_3d_models 45:Getting 3D models for footprint of: C4
01-21 13:55:35 com_github_MitjaNemec_Archive3DModels.archive_3d_models 56:Trying to copy: C:\Users\Simon\Documents\Workspace\Locale\LibLoader\SamacSys_Parts.3dshapes\C0603C106M8PAC7411.stp
01-21 13:55:35 com_github_MitjaNemec_Archive3DModels.archive_3d_models 136:Remapping: C:\Users\Simon\Documents\Workspace\Locale\LibLoader\SamacSys_Parts.3dshapes\C0603C106M8PAC7411.stp
01-21 13:55:35 com_github_MitjaNemec_Archive3DModels.archive_3d_models 45:Getting 3D models for footprint of: J2
01-21 13:55:35 com_github_MitjaNemec_Archive3DModels.archive_3d_models 56:Trying to copy: ${KICAD6_3DMODEL_DIR}/Connector_PinHeader_2.54mm.3dshapes/PinHeader_1x01_P2.54mm_Vertical.wrl
01-21 13:55:35 com_github_MitjaNemec_Archive3DModels.archive_3d_models 136:Remapping: ${KICAD6_3DMODEL_DIR}/Connector_PinHeader_2.54mm.3dshapes/PinHeader_1x01_P2.54mm_Vertical.wrl
01-21 13:55:35 com_github_MitjaNemec_Archive3DModels.archive_3d_models 45:Getting 3D models for footprint of: J4
01-21 13:55:35 com_github_MitjaNemec_Archive3DModels.archive_3d_models 56:Trying to copy: ${KICAD6_3DMODEL_DIR}/Connector_PinHeader_2.54mm.3dshapes/PinHeader_1x01_P2.54mm_Vertical.wrl
01-21 13:55:35 com_github_MitjaNemec_Archive3DModels.archive_3d_models 136:Remapping: ${KICAD6_3DMODEL_DIR}/Connector_PinHeader_2.54mm.3dshapes/PinHeader_1x01_P2.54mm_Vertical.wrl
01-21 13:55:35 com_github_MitjaNemec_Archive3DModels.archive_3d_models 45:Getting 3D models for footprint of: J1
01-21 13:55:35 com_github_MitjaNemec_Archive3DModels.archive_3d_models 56:Trying to copy: ${KIPRJMOD}/Egg_LDO_250_3D/PinHeader_1x01_P2.54mm_Vertical.wrl
01-21 13:55:35 com_github_MitjaNemec_Archive3DModels.archive_3d_models 136:Remapping: ${KIPRJMOD}/Egg_LDO_250_3D/PinHeader_1x01_P2.54mm_Vertical.wrl
01-21 13:55:35 com_github_MitjaNemec_Archive3DModels.archive_3d_models 45:Getting 3D models for footprint of: IC1
01-21 13:55:35 com_github_MitjaNemec_Archive3DModels.archive_3d_models 56:Trying to copy: C:\Users\Simon\Documents\Workspace\Locale\LibLoader\SamacSys_Parts.3dshapes\MCP1700T-3302E_TT.stp
01-21 13:55:35 com_github_MitjaNemec_Archive3DModels.archive_3d_models 136:Remapping: C:\Users\Simon\Documents\Workspace\Locale\LibLoader\SamacSys_Parts.3dshapes\MCP1700T-3302E_TT.stp
01-21 13:55:35 com_github_MitjaNemec_Archive3DModels.archive_3d_models 45:Getting 3D models for footprint of: C3
01-21 13:55:35 com_github_MitjaNemec_Archive3DModels.archive_3d_models 56:Trying to copy: C:\Users\Simon\Documents\Workspace\Locale\LibLoader\SamacSys_Parts.3dshapes\C0603C106M8PAC7411.stp
01-21 13:55:35 com_github_MitjaNemec_Archive3DModels.archive_3d_models 136:Remapping: C:\Users\Simon\Documents\Workspace\Locale\LibLoader\SamacSys_Parts.3dshapes\C0603C106M8PAC7411.stp
01-21 13:55:35 com_github_MitjaNemec_Archive3DModels.archive_3d_models 45:Getting 3D models for footprint of: R2
01-21 13:55:35 com_github_MitjaNemec_Archive3DModels.archive_3d_models 56:Trying to copy: C:\Users\Simon\Documents\Workspace\Locale\LibLoader\SamacSys_Parts.3dshapes\ERJ-UP3J512V.stp
01-21 13:55:36 com_github_MitjaNemec_Archive3DModels.archive_3d_models 136:Remapping: C:\Users\Simon\Documents\Workspace\Locale\LibLoader\SamacSys_Parts.3dshapes\ERJ-UP3J512V.stp
01-21 13:55:36 com_github_MitjaNemec_Archive3DModels.archive_3d_models 45:Getting 3D models for footprint of: R1
01-21 13:55:36 com_github_MitjaNemec_Archive3DModels.archive_3d_models 56:Trying to copy: C:\Users\Simon\Documents\Workspace\Locale\LibLoader\SamacSys_Parts.3dshapes\ERJ-UP3J512V.stp
01-21 13:55:36 com_github_MitjaNemec_Archive3DModels.archive_3d_models 136:Remapping: C:\Users\Simon\Documents\Workspace\Locale\LibLoader\SamacSys_Parts.3dshapes\ERJ-UP3J512V.stp
01-21 13:55:36 com_github_MitjaNemec_Archive3DModels.archive_3d_models 45:Getting 3D models for footprint of: G1
